<?xml version="1.0" encoding="UTF-8"?>
<!-- Generated by org.testng.reporters.JUnitReportReporter -->
<testsuite hostname="DESKTOP-9FMQBDK" failures="0" tests="1" name="com.SauceDemo.TestClasses.TC10MultipleProductAddToCart" time="5.012" errors="0" timestamp="2022-05-30T14:46:30 IST" skipped="0">
  <testcase classname="com.SauceDemo.TestClasses.TC10MultipleProductAddToCart" name="multipleProductAddToCart" time="5.012"/>
  <system-out/>
</testsuite> <!-- com.SauceDemo.TestClasses.TC10MultipleProductAddToCart -->
